<?xml version="1.0" encoding="UTF-8"?>
<testsuite name="TestAppInit" tests="1" skipped="0" failures="0" errors="0" timestamp="2020-11-11T02:25:16" hostname="pop-os" time="0.029">
  <properties/>
  <testcase name="startAdventure()" classname="TestAppInit" time="0.029"/>
  <system-out><![CDATA[Welcome Johan!
 Prepare for adventure!

-----------------------------------------------------------

You walk into a crossroads with 4 signs.
Which road do you take?

1: Lothlorien Mines
2: Brigandine Forest
3: Frost Caves
4: Femori Dungeon Keep

-----------------------------------------------------------

19:25:16.650 [Test worker] DEBUG TestAppInit - error running TestAppInit.startAdventure()null
]]></system-out>
  <system-err><![CDATA[]]></system-err>
</testsuite>
